This file contains any messages produced by compilers while
running configure, to aid debugging if configure makes a mistake.

It was created by nest configure 2.6.0, which was
generated by GNU Autoconf 2.69.  Invocation command line was

  $ ../nest-2.6.0/configure CXX=openmpicxx --with-mpi --prefix=/Users/atwood/tem/Neu/NEST

## --------- ##
## Platform. ##
## --------- ##

hostname = AtwooddeMacBook-Pro.local
uname -m = x86_64
uname -r = 13.4.0
uname -s = Darwin
uname -v = Darwin Kernel Version 13.4.0: Sun Aug 17 19:50:11 PDT 2014; root:xnu-2422.115.4~1/RELEASE_X86_64

/usr/bin/uname -p = i386
/bin/uname -X     = unknown

/bin/arch              = unknown
/usr/bin/arch -k       = unknown
/usr/convex/getsysinfo = unknown
/usr/bin/hostinfo      = Mach kernel version:
	 Darwin Kernel Version 13.4.0: Sun Aug 17 19:50:11 PDT 2014; root:xnu-2422.115.4~1/RELEASE_X86_64
Kernel configured for up to 4 processors.
2 processors are physically available.
4 processors are logically available.
Processor type: i486 (Intel 80486)
Processors active: 0 1 2 3
Primary memory available: 8.00 gigabytes
Default processor set: 226 tasks, 1214 threads, 4 processors
Load average: 2.71, Mach factor: 1.70
/bin/machine           = unknown
/usr/bin/oslevel       = unknown
/bin/universe          = unknown

PATH: /opt/local/bin
PATH: /opt/local/sbin
PATH: /Library/Frameworks/Python.framework/Versions/2.7/bin
PATH: /usr/bin
PATH: /bin
PATH: /usr/sbin
PATH: /sbin
PATH: /usr/local/bin
PATH: /opt/X11/bin


## ----------- ##
## Core tests. ##
## ----------- ##

configure:2544: checking whether to enable maintainer-specific portions of Makefiles
configure:2553: result: no
configure:2644: checking for a BSD-compatible install
configure:2712: result: /usr/bin/install -c
configure:2723: checking whether build environment is sane
configure:2778: result: yes
configure:2929: checking for a thread-safe mkdir -p
configure:2968: result: ../nest-2.6.0/./install-sh -c -d
configure:2975: checking for gawk
configure:2991: found /usr/local/bin/gawk
configure:3002: result: gawk
configure:3013: checking whether make sets $(MAKE)
configure:3035: result: yes
configure:3064: checking whether make supports nested variables
configure:3081: result: yes
configure:3170: checking whether UID '501' is supported by ustar format
configure:3173: result: yes
configure:3180: checking whether GID '20' is supported by ustar format
configure:3183: result: yes
configure:3191: checking how to create a ustar tar archive
configure:3202: tar --version
bsdtar 2.8.3 - libarchive 2.8.3
configure:3205: $? = 0
configure:3245: tardir=conftest.dir && eval tar --format=ustar -chf - "$tardir" >conftest.tar
configure:3248: $? = 0
configure:3252: tar -xf - <conftest.tar
configure:3255: $? = 0
configure:3257: cat conftest.dir/file
GrepMe
configure:3260: $? = 0
configure:3273: result: gnutar
configure:3336: checking whether make supports nested variables
configure:3353: result: yes
configure:3370: checking build system type
configure:3384: result: x86_64-apple-darwin13.4.0
configure:3404: checking host system type
configure:3417: result: x86_64-apple-darwin13.4.0
configure:3451: checking for style of include used by make
configure:3479: result: GNU
configure:3550: checking for gcc
configure:3566: found /opt/local/bin/gcc
configure:3577: result: gcc
configure:3806: checking for C compiler version
configure:3815: gcc --version >&5
gcc (MacPorts gcc48 4.8.2_0) 4.8.2
Copyright (C) 2013 Free Software Foundation, Inc.
This is free software; see the source for copying conditions.  There is NO
warranty; not even for MERCHANTABILITY or FITNESS FOR A PARTICULAR PURPOSE.

configure:3826: $? = 0
configure:3815: gcc -v >&5
Using built-in specs.
COLLECT_GCC=gcc
COLLECT_LTO_WRAPPER=/opt/local/libexec/gcc/x86_64-apple-darwin13/4.8.2/lto-wrapper
Target: x86_64-apple-darwin13
Configured with: /opt/local/var/macports/build/_opt_mports_dports_lang_gcc48/gcc48/work/gcc-4.8.2/configure --prefix=/opt/local --build=x86_64-apple-darwin13 --enable-languages=c,c++,objc,obj-c++,lto,fortran,java --libdir=/opt/local/lib/gcc48 --includedir=/opt/local/include/gcc48 --infodir=/opt/local/share/info --mandir=/opt/local/share/man --datarootdir=/opt/local/share/gcc-4.8 --with-local-prefix=/opt/local --with-system-zlib --disable-nls --program-suffix=-mp-4.8 --with-gxx-include-dir=/opt/local/include/gcc48/c++/ --with-gmp=/opt/local --with-mpfr=/opt/local --with-mpc=/opt/local --with-cloog=/opt/local --enable-cloog-backend=isl --disable-cloog-version-check --enable-stage1-checking --disable-multilib --enable-lto --enable-libstdcxx-time --with-as=/opt/local/bin/as --with-ld=/opt/local/bin/ld --with-ar=/opt/local/bin/ar --with-bugurl=https://trac.macports.org/newticket --with-pkgversion='MacPorts gcc48 4.8.2_0'
Thread model: posix
gcc version 4.8.2 (MacPorts gcc48 4.8.2_0) 
configure:3826: $? = 0
configure:3815: gcc -V >&5
gcc: error: unrecognized command line option '-V'
gcc: fatal error: no input files
compilation terminated.
configure:3826: $? = 1
configure:3815: gcc -qversion >&5
gcc: error: unrecognized command line option '-qversion'
gcc: fatal error: no input files
compilation terminated.
configure:3826: $? = 1
configure:3846: checking whether the C compiler works
configure:3868: gcc    conftest.c  >&5
configure:3872: $? = 0
configure:3920: result: yes
configure:3923: checking for C compiler default output file name
configure:3925: result: a.out
configure:3931: checking for suffix of executables
configure:3938: gcc -o conftest    conftest.c  >&5
configure:3942: $? = 0
configure:3964: result: 
configure:3986: checking whether we are cross compiling
configure:3994: gcc -o conftest    conftest.c  >&5
configure:3998: $? = 0
configure:4005: ./conftest
configure:4009: $? = 0
configure:4024: result: no
configure:4029: checking for suffix of object files
configure:4051: gcc -c   conftest.c >&5
configure:4055: $? = 0
configure:4076: result: o
configure:4080: checking whether we are using the GNU C compiler
configure:4099: gcc -c   conftest.c >&5
configure:4099: $? = 0
configure:4108: result: yes
configure:4117: checking whether gcc accepts -g
configure:4137: gcc -c -g  conftest.c >&5
configure:4137: $? = 0
configure:4178: result: yes
configure:4195: checking for gcc option to accept ISO C89
configure:4258: gcc  -c -g -O2  conftest.c >&5
configure:4258: $? = 0
configure:4271: result: none needed
configure:4296: checking whether gcc understands -c and -o together
configure:4318: gcc -c conftest.c -o conftest2.o
configure:4321: $? = 0
configure:4318: gcc -c conftest.c -o conftest2.o
configure:4321: $? = 0
configure:4333: result: yes
configure:4352: checking dependency style of gcc
configure:4463: result: gcc3
configure:4484: checking how to run the C preprocessor
configure:4515: gcc -E  conftest.c
configure:4515: $? = 0
configure:4529: gcc -E  conftest.c
conftest.c:11:28: fatal error: ac_nonexistent.h: No such file or directory
 #include <ac_nonexistent.h>
                            ^
compilation terminated.
configure:4529: $? = 1
configure: failed program was:
| /* confdefs.h */
| #define PACKAGE_NAME "nest"
| #define PACKAGE_TARNAME "nest"
| #define PACKAGE_VERSION "2.6.0"
| #define PACKAGE_STRING "nest 2.6.0"
| #define PACKAGE_BUGREPORT "nest_user@nest-initiative.org"
| #define PACKAGE_URL ""
| #define PACKAGE "nest"
| #define VERSION "2.6.0"
| /* end confdefs.h.  */
| #include <ac_nonexistent.h>
configure:4554: result: gcc -E
configure:4574: gcc -E  conftest.c
configure:4574: $? = 0
configure:4588: gcc -E  conftest.c
conftest.c:11:28: fatal error: ac_nonexistent.h: No such file or directory
 #include <ac_nonexistent.h>
                            ^
compilation terminated.
configure:4588: $? = 1
configure: failed program was:
| /* confdefs.h */
| #define PACKAGE_NAME "nest"
| #define PACKAGE_TARNAME "nest"
| #define PACKAGE_VERSION "2.6.0"
| #define PACKAGE_STRING "nest 2.6.0"
| #define PACKAGE_BUGREPORT "nest_user@nest-initiative.org"
| #define PACKAGE_URL ""
| #define PACKAGE "nest"
| #define VERSION "2.6.0"
| /* end confdefs.h.  */
| #include <ac_nonexistent.h>
configure:4617: checking for grep that handles long lines and -e
configure:4675: result: /usr/bin/grep
configure:4680: checking for egrep
configure:4742: result: /usr/bin/grep -E
configure:4747: checking for ANSI C header files
configure:4767: gcc -c -g -O2  conftest.c >&5
configure:4767: $? = 0
configure:4840: gcc -o conftest -g -O2   conftest.c  >&5
configure:4840: $? = 0
configure:4840: ./conftest
configure:4840: $? = 0
configure:4851: result: yes
configure:4864: checking for sys/types.h
configure:4864: gcc -c -g -O2  conftest.c >&5
configure:4864: $? = 0
configure:4864: result: yes
configure:4864: checking for sys/stat.h
configure:4864: gcc -c -g -O2  conftest.c >&5
configure:4864: $? = 0
configure:4864: result: yes
configure:4864: checking for stdlib.h
configure:4864: gcc -c -g -O2  conftest.c >&5
configure:4864: $? = 0
configure:4864: result: yes
configure:4864: checking for string.h
configure:4864: gcc -c -g -O2  conftest.c >&5
configure:4864: $? = 0
configure:4864: result: yes
configure:4864: checking for memory.h
configure:4864: gcc -c -g -O2  conftest.c >&5
configure:4864: $? = 0
configure:4864: result: yes
configure:4864: checking for strings.h
configure:4864: gcc -c -g -O2  conftest.c >&5
configure:4864: $? = 0
configure:4864: result: yes
configure:4864: checking for inttypes.h
configure:4864: gcc -c -g -O2  conftest.c >&5
configure:4864: $? = 0
configure:4864: result: yes
configure:4864: checking for stdint.h
configure:4864: gcc -c -g -O2  conftest.c >&5
configure:4864: $? = 0
configure:4864: result: yes
configure:4864: checking for unistd.h
configure:4864: gcc -c -g -O2  conftest.c >&5
configure:4864: $? = 0
configure:4864: result: yes
configure:4877: checking minix/config.h usability
configure:4877: gcc -c -g -O2  conftest.c >&5
conftest.c:54:26: fatal error: minix/config.h: No such file or directory
 #include <minix/config.h>
                          ^
compilation terminated.
configure:4877: $? = 1
configure: failed program was:
| /* confdefs.h */
| #define PACKAGE_NAME "nest"
| #define PACKAGE_TARNAME "nest"
| #define PACKAGE_VERSION "2.6.0"
| #define PACKAGE_STRING "nest 2.6.0"
| #define PACKAGE_BUGREPORT "nest_user@nest-initiative.org"
| #define PACKAGE_URL ""
| #define PACKAGE "nest"
| #define VERSION "2.6.0"
| #define STDC_HEADERS 1
| #define HAVE_SYS_TYPES_H 1
| #define HAVE_SYS_STAT_H 1
| #define HAVE_STDLIB_H 1
| #define HAVE_STRING_H 1
| #define HAVE_MEMORY_H 1
| #define HAVE_STRINGS_H 1
| #define HAVE_INTTYPES_H 1
| #define HAVE_STDINT_H 1
| #define HAVE_UNISTD_H 1
| /* end confdefs.h.  */
| #include <stdio.h>
| #ifdef HAVE_SYS_TYPES_H
| # include <sys/types.h>
| #endif
| #ifdef HAVE_SYS_STAT_H
| # include <sys/stat.h>
| #endif
| #ifdef STDC_HEADERS
| # include <stdlib.h>
| # include <stddef.h>
| #else
| # ifdef HAVE_STDLIB_H
| #  include <stdlib.h>
| # endif
| #endif
| #ifdef HAVE_STRING_H
| # if !defined STDC_HEADERS && defined HAVE_MEMORY_H
| #  include <memory.h>
| # endif
| # include <string.h>
| #endif
| #ifdef HAVE_STRINGS_H
| # include <strings.h>
| #endif
| #ifdef HAVE_INTTYPES_H
| # include <inttypes.h>
| #endif
| #ifdef HAVE_STDINT_H
| # include <stdint.h>
| #endif
| #ifdef HAVE_UNISTD_H
| # include <unistd.h>
| #endif
| #include <minix/config.h>
configure:4877: result: no
configure:4877: checking minix/config.h presence
configure:4877: gcc -E  conftest.c
conftest.c:21:26: fatal error: minix/config.h: No such file or directory
 #include <minix/config.h>
                          ^
compilation terminated.
configure:4877: $? = 1
configure: failed program was:
| /* confdefs.h */
| #define PACKAGE_NAME "nest"
| #define PACKAGE_TARNAME "nest"
| #define PACKAGE_VERSION "2.6.0"
| #define PACKAGE_STRING "nest 2.6.0"
| #define PACKAGE_BUGREPORT "nest_user@nest-initiative.org"
| #define PACKAGE_URL ""
| #define PACKAGE "nest"
| #define VERSION "2.6.0"
| #define STDC_HEADERS 1
| #define HAVE_SYS_TYPES_H 1
| #define HAVE_SYS_STAT_H 1
| #define HAVE_STDLIB_H 1
| #define HAVE_STRING_H 1
| #define HAVE_MEMORY_H 1
| #define HAVE_STRINGS_H 1
| #define HAVE_INTTYPES_H 1
| #define HAVE_STDINT_H 1
| #define HAVE_UNISTD_H 1
| /* end confdefs.h.  */
| #include <minix/config.h>
configure:4877: result: no
configure:4877: checking for minix/config.h
configure:4877: result: no
configure:4898: checking whether it is safe to define __EXTENSIONS__
configure:4916: gcc -c -g -O2  conftest.c >&5
configure:4916: $? = 0
configure:4923: result: yes
configure:5050: checking mach/mach.h usability
configure:5050: gcc -c -g -O2  conftest.c >&5
configure:5050: $? = 0
configure:5050: result: yes
configure:5050: checking mach/mach.h presence
configure:5050: gcc -E  conftest.c
configure:5050: $? = 0
configure:5050: result: yes
configure:5050: checking for mach/mach.h
configure:5050: result: yes
configure:5064: checking whether we are configuring for Blue Gene
configure:5082: result: no
configure:5218: checking for libneurosim_version in -lneurosim
configure:5243: gcc -o conftest -g -O2   conftest.c -lneurosim   >&5
ld: library not found for -lneurosim
collect2: error: ld returned 1 exit status
configure:5243: $? = 1
configure: failed program was:
| /* confdefs.h */
| #define PACKAGE_NAME "nest"
| #define PACKAGE_TARNAME "nest"
| #define PACKAGE_VERSION "2.6.0"
| #define PACKAGE_STRING "nest 2.6.0"
| #define PACKAGE_BUGREPORT "nest_user@nest-initiative.org"
| #define PACKAGE_URL ""
| #define PACKAGE "nest"
| #define VERSION "2.6.0"
| #define STDC_HEADERS 1
| #define HAVE_SYS_TYPES_H 1
| #define HAVE_SYS_STAT_H 1
| #define HAVE_STDLIB_H 1
| #define HAVE_STRING_H 1
| #define HAVE_MEMORY_H 1
| #define HAVE_STRINGS_H 1
| #define HAVE_INTTYPES_H 1
| #define HAVE_STDINT_H 1
| #define HAVE_UNISTD_H 1
| #define __EXTENSIONS__ 1
| #define _ALL_SOURCE 1
| #define _GNU_SOURCE 1
| #define _POSIX_PTHREAD_SEMANTICS 1
| #define _TANDEM_SOURCE 1
| #define PS_ARRAYS 1
| #define HAVE_MACH_MACH_H 1
| /* end confdefs.h.  */
| 
| /* Override any GCC internal prototype to avoid an error.
|    Use char because int might match the return type of a GCC
|    builtin and then its argument prototype would still apply.  */
| #ifdef __cplusplus
| extern "C"
| #endif
| char libneurosim_version ();
| int
| main ()
| {
| return libneurosim_version ();
|   ;
|   return 0;
| }
configure:5252: result: no
configure:5435: checking for gcc
configure:5462: result: gcc
configure:5691: checking for C compiler version
configure:5700: gcc --version >&5
gcc (MacPorts gcc48 4.8.2_0) 4.8.2
Copyright (C) 2013 Free Software Foundation, Inc.
This is free software; see the source for copying conditions.  There is NO
warranty; not even for MERCHANTABILITY or FITNESS FOR A PARTICULAR PURPOSE.

configure:5711: $? = 0
configure:5700: gcc -v >&5
Using built-in specs.
COLLECT_GCC=gcc
COLLECT_LTO_WRAPPER=/opt/local/libexec/gcc/x86_64-apple-darwin13/4.8.2/lto-wrapper
Target: x86_64-apple-darwin13
Configured with: /opt/local/var/macports/build/_opt_mports_dports_lang_gcc48/gcc48/work/gcc-4.8.2/configure --prefix=/opt/local --build=x86_64-apple-darwin13 --enable-languages=c,c++,objc,obj-c++,lto,fortran,java --libdir=/opt/local/lib/gcc48 --includedir=/opt/local/include/gcc48 --infodir=/opt/local/share/info --mandir=/opt/local/share/man --datarootdir=/opt/local/share/gcc-4.8 --with-local-prefix=/opt/local --with-system-zlib --disable-nls --program-suffix=-mp-4.8 --with-gxx-include-dir=/opt/local/include/gcc48/c++/ --with-gmp=/opt/local --with-mpfr=/opt/local --with-mpc=/opt/local --with-cloog=/opt/local --enable-cloog-backend=isl --disable-cloog-version-check --enable-stage1-checking --disable-multilib --enable-lto --enable-libstdcxx-time --with-as=/opt/local/bin/as --with-ld=/opt/local/bin/ld --with-ar=/opt/local/bin/ar --with-bugurl=https://trac.macports.org/newticket --with-pkgversion='MacPorts gcc48 4.8.2_0'
Thread model: posix
gcc version 4.8.2 (MacPorts gcc48 4.8.2_0) 
configure:5711: $? = 0
configure:5700: gcc -V >&5
gcc: error: unrecognized command line option '-V'
gcc: fatal error: no input files
compilation terminated.
configure:5711: $? = 1
configure:5700: gcc -qversion >&5
gcc: error: unrecognized command line option '-qversion'
gcc: fatal error: no input files
compilation terminated.
configure:5711: $? = 1
configure:5715: checking whether we are using the GNU C compiler
configure:5743: result: yes
configure:5752: checking whether gcc accepts -g
configure:5813: result: yes
configure:5830: checking for gcc option to accept ISO C89
configure:5906: result: none needed
configure:5931: checking whether gcc understands -c and -o together
configure:5968: result: yes
configure:5987: checking dependency style of gcc
configure:6098: result: gcc3
configure:7027: checking for C++ compiler version
configure:7036: openmpicxx --version >&5
../nest-2.6.0/configure: line 7038: openmpicxx: command not found
configure:7047: $? = 127
configure:7036: openmpicxx -v >&5
../nest-2.6.0/configure: line 7038: openmpicxx: command not found
configure:7047: $? = 127
configure:7036: openmpicxx -V >&5
../nest-2.6.0/configure: line 7038: openmpicxx: command not found
configure:7047: $? = 127
configure:7036: openmpicxx -qversion >&5
../nest-2.6.0/configure: line 7038: openmpicxx: command not found
configure:7047: $? = 127
configure:7051: checking whether we are using the GNU C++ compiler
configure:7070: openmpicxx -c   conftest.cpp >&5
../nest-2.6.0/configure: line 1970: openmpicxx: command not found
configure:7070: $? = 127
configure: failed program was:
| /* confdefs.h */
| #define PACKAGE_NAME "nest"
| #define PACKAGE_TARNAME "nest"
| #define PACKAGE_VERSION "2.6.0"
| #define PACKAGE_STRING "nest 2.6.0"
| #define PACKAGE_BUGREPORT "nest_user@nest-initiative.org"
| #define PACKAGE_URL ""
| #define PACKAGE "nest"
| #define VERSION "2.6.0"
| #define STDC_HEADERS 1
| #define HAVE_SYS_TYPES_H 1
| #define HAVE_SYS_STAT_H 1
| #define HAVE_STDLIB_H 1
| #define HAVE_STRING_H 1
| #define HAVE_MEMORY_H 1
| #define HAVE_STRINGS_H 1
| #define HAVE_INTTYPES_H 1
| #define HAVE_STDINT_H 1
| #define HAVE_UNISTD_H 1
| #define __EXTENSIONS__ 1
| #define _ALL_SOURCE 1
| #define _GNU_SOURCE 1
| #define _POSIX_PTHREAD_SEMANTICS 1
| #define _TANDEM_SOURCE 1
| #define PS_ARRAYS 1
| #define HAVE_MACH_MACH_H 1
| /* end confdefs.h.  */
| 
| int
| main ()
| {
| #ifndef __GNUC__
|        choke me
| #endif
| 
|   ;
|   return 0;
| }
configure:7079: result: no
configure:7088: checking whether openmpicxx accepts -g
configure:7108: openmpicxx -c -g  conftest.cpp >&5
../nest-2.6.0/configure: line 1970: openmpicxx: command not found
configure:7108: $? = 127
configure: failed program was:
| /* confdefs.h */
| #define PACKAGE_NAME "nest"
| #define PACKAGE_TARNAME "nest"
| #define PACKAGE_VERSION "2.6.0"
| #define PACKAGE_STRING "nest 2.6.0"
| #define PACKAGE_BUGREPORT "nest_user@nest-initiative.org"
| #define PACKAGE_URL ""
| #define PACKAGE "nest"
| #define VERSION "2.6.0"
| #define STDC_HEADERS 1
| #define HAVE_SYS_TYPES_H 1
| #define HAVE_SYS_STAT_H 1
| #define HAVE_STDLIB_H 1
| #define HAVE_STRING_H 1
| #define HAVE_MEMORY_H 1
| #define HAVE_STRINGS_H 1
| #define HAVE_INTTYPES_H 1
| #define HAVE_STDINT_H 1
| #define HAVE_UNISTD_H 1
| #define __EXTENSIONS__ 1
| #define _ALL_SOURCE 1
| #define _GNU_SOURCE 1
| #define _POSIX_PTHREAD_SEMANTICS 1
| #define _TANDEM_SOURCE 1
| #define PS_ARRAYS 1
| #define HAVE_MACH_MACH_H 1
| /* end confdefs.h.  */
| 
| int
| main ()
| {
| 
|   ;
|   return 0;
| }
configure:7123: openmpicxx -c   conftest.cpp >&5
../nest-2.6.0/configure: line 1970: openmpicxx: command not found
configure:7123: $? = 127
configure: failed program was:
| /* confdefs.h */
| #define PACKAGE_NAME "nest"
| #define PACKAGE_TARNAME "nest"
| #define PACKAGE_VERSION "2.6.0"
| #define PACKAGE_STRING "nest 2.6.0"
| #define PACKAGE_BUGREPORT "nest_user@nest-initiative.org"
| #define PACKAGE_URL ""
| #define PACKAGE "nest"
| #define VERSION "2.6.0"
| #define STDC_HEADERS 1
| #define HAVE_SYS_TYPES_H 1
| #define HAVE_SYS_STAT_H 1
| #define HAVE_STDLIB_H 1
| #define HAVE_STRING_H 1
| #define HAVE_MEMORY_H 1
| #define HAVE_STRINGS_H 1
| #define HAVE_INTTYPES_H 1
| #define HAVE_STDINT_H 1
| #define HAVE_UNISTD_H 1
| #define __EXTENSIONS__ 1
| #define _ALL_SOURCE 1
| #define _GNU_SOURCE 1
| #define _POSIX_PTHREAD_SEMANTICS 1
| #define _TANDEM_SOURCE 1
| #define PS_ARRAYS 1
| #define HAVE_MACH_MACH_H 1
| /* end confdefs.h.  */
| 
| int
| main ()
| {
| 
|   ;
|   return 0;
| }
configure:7139: openmpicxx -c -g  conftest.cpp >&5
../nest-2.6.0/configure: line 1970: openmpicxx: command not found
configure:7139: $? = 127
configure: failed program was:
| /* confdefs.h */
| #define PACKAGE_NAME "nest"
| #define PACKAGE_TARNAME "nest"
| #define PACKAGE_VERSION "2.6.0"
| #define PACKAGE_STRING "nest 2.6.0"
| #define PACKAGE_BUGREPORT "nest_user@nest-initiative.org"
| #define PACKAGE_URL ""
| #define PACKAGE "nest"
| #define VERSION "2.6.0"
| #define STDC_HEADERS 1
| #define HAVE_SYS_TYPES_H 1
| #define HAVE_SYS_STAT_H 1
| #define HAVE_STDLIB_H 1
| #define HAVE_STRING_H 1
| #define HAVE_MEMORY_H 1
| #define HAVE_STRINGS_H 1
| #define HAVE_INTTYPES_H 1
| #define HAVE_STDINT_H 1
| #define HAVE_UNISTD_H 1
| #define __EXTENSIONS__ 1
| #define _ALL_SOURCE 1
| #define _GNU_SOURCE 1
| #define _POSIX_PTHREAD_SEMANTICS 1
| #define _TANDEM_SOURCE 1
| #define PS_ARRAYS 1
| #define HAVE_MACH_MACH_H 1
| /* end confdefs.h.  */
| 
| int
| main ()
| {
| 
|   ;
|   return 0;
| }
configure:7149: result: no
configure:7174: checking dependency style of openmpicxx
configure:7285: result: none
configure:7711: checking whether to build shared libraries
configure:7848: result: yes
configure:8388: checking for doxygen
configure:8406: found /usr/local/bin/doxygen
configure:8418: result: /usr/local/bin/doxygen
configure:8440: checking for dot
configure:8470: result: no
configure:8488: checking for a sed that does not truncate output
configure:8552: result: /usr/bin/sed
configure:8570: checking for fgrep
configure:8632: result: /usr/bin/grep -F
configure:8659: checking how to print strings
configure:8686: result: printf
configure:8719: checking for ld used by gcc
configure:8786: result: /opt/local/bin/ld
configure:8793: checking if the linker (/opt/local/bin/ld) is GNU ld
configure:8808: result: no
configure:8886: checking for BSD- or MS-compatible name lister (nm)
configure:8935: result: /opt/local/bin/nm
configure:9065: checking the name lister (/opt/local/bin/nm) interface
configure:9072: gcc -c   conftest.c >&5
configure:9075: /opt/local/bin/nm "conftest.o"
configure:9078: output
0000000000000000 S _some_variable
configure:9085: result: BSD nm
configure:9088: checking whether ln -s works
configure:9092: result: yes
configure:9100: checking the maximum length of command line arguments
configure:9231: result: 196608
configure:9248: checking whether the shell understands some XSI constructs
configure:9258: result: yes
configure:9262: checking whether the shell understands "+="
configure:9268: result: yes
configure:9303: checking how to convert x86_64-apple-darwin13.4.0 file names to x86_64-apple-darwin13.4.0 format
configure:9343: result: func_convert_file_noop
configure:9350: checking how to convert x86_64-apple-darwin13.4.0 file names to toolchain format
configure:9370: result: func_convert_file_noop
configure:9377: checking for /opt/local/bin/ld option to reload object files
configure:9384: result: -r
configure:9458: checking for objdump
configure:9488: result: no
configure:9517: checking how to recognize dependent libraries
configure:9715: result: pass_all
configure:9800: checking for dlltool
configure:9830: result: no
configure:9860: checking how to associate runtime and link libraries
configure:9887: result: printf %s\n
configure:9947: checking for ar
configure:9963: found /opt/local/bin/ar
configure:9974: result: ar
configure:10011: checking for archiver @FILE support
configure:10028: gcc -c   conftest.c >&5
configure:10028: $? = 0
configure:10031: ar cru libconftest.a @conftest.lst >&5
ar: @conftest.lst: No such file or directory
configure:10034: $? = 1
configure:10054: result: no
configure:10112: checking for strip
configure:10128: found /opt/local/bin/strip
configure:10139: result: strip
configure:10211: checking for ranlib
configure:10227: found /opt/local/bin/ranlib
configure:10238: result: ranlib
configure:10340: checking command to parse /opt/local/bin/nm output from gcc object
configure:10460: gcc -c   conftest.c >&5
configure:10463: $? = 0
configure:10467: /opt/local/bin/nm conftest.o \| sed -n -e 's/^.*[ ]\([BCDEGRST][BCDEGRST]*\)[ ][ ]*\([_A-Za-z][_A-Za-z0-9]*\)$/\1 \2 \2/p' | sed '/ __gnu_lto/d' \> conftest.nm
configure:10470: $? = 0
cannot find nm_test_var in conftest.nm
configure:10460: gcc -c   conftest.c >&5
configure:10463: $? = 0
configure:10467: /opt/local/bin/nm conftest.o \| sed -n -e 's/^.*[ ]\([BCDEGRST][BCDEGRST]*\)[ ][ ]*_\([_A-Za-z][_A-Za-z0-9]*\)$/\1 _\2 \2/p' | sed '/ __gnu_lto/d' \> conftest.nm
configure:10470: $? = 0
configure:10536: gcc -o conftest    conftest.c conftstm.o >&5
configure:10539: $? = 0
configure:10577: result: ok
configure:10614: checking for sysroot
configure:10644: result: no
configure:10913: checking for mt
configure:10943: result: no
configure:10963: checking if : is a manifest tool
configure:10969: : '-?'
configure:10977: result: no
configure:11033: checking for dsymutil
configure:11049: found /usr/bin/dsymutil
configure:11060: result: dsymutil
configure:11125: checking for nmedit
configure:11141: found /opt/local/bin/nmedit
configure:11152: result: nmedit
configure:11217: checking for lipo
configure:11233: found /opt/local/bin/lipo
configure:11244: result: lipo
configure:11309: checking for otool
configure:11325: found /opt/local/bin/otool
configure:11336: result: otool
configure:11401: checking for otool64
configure:11431: result: no
configure:11476: checking for -single_module linker flag
gcc   -o libconftest.dylib -dynamiclib -Wl,-single_module conftest.c
configure:11509: result: yes
configure:11512: checking for -exported_symbols_list linker flag
configure:11532: gcc -o conftest    -Wl,-exported_symbols_list,conftest.sym conftest.c  >&5
configure:11532: $? = 0
configure:11542: result: yes
configure:11545: checking for -force_load linker flag
gcc  -c -o conftest.o conftest.c
ar cru libconftest.a conftest.o
ranlib libconftest.a
gcc   -o conftest conftest.c -Wl,-force_load,./libconftest.a
configure:11577: result: yes
configure:11616: checking for dlfcn.h
configure:11616: gcc -c   conftest.c >&5
configure:11616: $? = 0
configure:11616: result: yes
configure:11772: checking for objdir
configure:11787: result: .libs
configure:12054: checking if gcc supports -fno-rtti -fno-exceptions
configure:12072: gcc -c   -fno-rtti -fno-exceptions conftest.c >&5
cc1: warning: command line option '-fno-rtti' is valid for C++/ObjC++ but not for C [enabled by default]
configure:12076: $? = 0
configure:12089: result: no
configure:12416: checking for gcc option to produce PIC
configure:12423: result: -fno-common -DPIC
configure:12431: checking if gcc PIC flag -fno-common -DPIC works
configure:12449: gcc -c   -fno-common -DPIC -DPIC conftest.c >&5
configure:12453: $? = 0
configure:12466: result: yes
configure:12495: checking if gcc static flag -static works
configure:12523: result: no
configure:12538: checking if gcc supports -c -o file.o
configure:12559: gcc -c   -o out/conftest2.o conftest.c >&5
configure:12563: $? = 0
configure:12585: result: yes
configure:12593: checking if gcc supports -c -o file.o
configure:12640: result: yes
configure:12673: checking whether the gcc linker (/opt/local/bin/ld) supports shared libraries
configure:13830: result: yes
configure:14070: checking dynamic linker characteristics
configure:14804: result: darwin13.4.0 dyld
configure:14911: checking how to hardcode library paths into programs
configure:14936: result: immediate
configure:14981: checking for dlopen in -ldl
configure:15006: gcc -o conftest    conftest.c -ldl   >&5
configure:15006: $? = 0
configure:15015: result: yes
configure:15230: checking whether a program can dlopen itself
configure:15310: gcc -o conftest   -DHAVE_DLFCN_H   conftest.c -ldl  >&5
configure:15313: $? = 0
configure:15331: result: yes
configure:15336: checking whether a statically linked program can dlopen itself
configure:15416: gcc -o conftest   -DHAVE_DLFCN_H    conftest.c -ldl  >&5
configure:15419: $? = 0
configure:15437: result: yes
configure:15476: checking whether stripping libraries is possible
configure:15490: result: yes
configure:15516: checking if libtool supports shared libraries
configure:15518: result: yes
configure:15521: checking whether to build shared libraries
configure:15542: result: yes
configure:15545: checking whether to build static libraries
configure:15549: result: no
configure:15572: checking how to run the C++ preprocessor
configure:15599: openmpicxx -E  conftest.cpp
../nest-2.6.0/configure: line 2074: openmpicxx: command not found
configure:15599: $? = 127
configure: failed program was:
| /* confdefs.h */
| #define PACKAGE_NAME "nest"
| #define PACKAGE_TARNAME "nest"
| #define PACKAGE_VERSION "2.6.0"
| #define PACKAGE_STRING "nest 2.6.0"
| #define PACKAGE_BUGREPORT "nest_user@nest-initiative.org"
| #define PACKAGE_URL ""
| #define PACKAGE "nest"
| #define VERSION "2.6.0"
| #define STDC_HEADERS 1
| #define HAVE_SYS_TYPES_H 1
| #define HAVE_SYS_STAT_H 1
| #define HAVE_STDLIB_H 1
| #define HAVE_STRING_H 1
| #define HAVE_MEMORY_H 1
| #define HAVE_STRINGS_H 1
| #define HAVE_INTTYPES_H 1
| #define HAVE_STDINT_H 1
| #define HAVE_UNISTD_H 1
| #define __EXTENSIONS__ 1
| #define _ALL_SOURCE 1
| #define _GNU_SOURCE 1
| #define _POSIX_PTHREAD_SEMANTICS 1
| #define _TANDEM_SOURCE 1
| #define PS_ARRAYS 1
| #define HAVE_MACH_MACH_H 1
| #define HAVE_DLFCN_H 1
| #define LT_OBJDIR ".libs/"
| /* end confdefs.h.  */
| #ifdef __STDC__
| # include <limits.h>
| #else
| # include <assert.h>
| #endif
| 		     Syntax error
configure:15599: openmpicxx -E  conftest.cpp
../nest-2.6.0/configure: line 2074: openmpicxx: command not found
configure:15599: $? = 127
configure: failed program was:
| /* confdefs.h */
| #define PACKAGE_NAME "nest"
| #define PACKAGE_TARNAME "nest"
| #define PACKAGE_VERSION "2.6.0"
| #define PACKAGE_STRING "nest 2.6.0"
| #define PACKAGE_BUGREPORT "nest_user@nest-initiative.org"
| #define PACKAGE_URL ""
| #define PACKAGE "nest"
| #define VERSION "2.6.0"
| #define STDC_HEADERS 1
| #define HAVE_SYS_TYPES_H 1
| #define HAVE_SYS_STAT_H 1
| #define HAVE_STDLIB_H 1
| #define HAVE_STRING_H 1
| #define HAVE_MEMORY_H 1
| #define HAVE_STRINGS_H 1
| #define HAVE_INTTYPES_H 1
| #define HAVE_STDINT_H 1
| #define HAVE_UNISTD_H 1
| #define __EXTENSIONS__ 1
| #define _ALL_SOURCE 1
| #define _GNU_SOURCE 1
| #define _POSIX_PTHREAD_SEMANTICS 1
| #define _TANDEM_SOURCE 1
| #define PS_ARRAYS 1
| #define HAVE_MACH_MACH_H 1
| #define HAVE_DLFCN_H 1
| #define LT_OBJDIR ".libs/"
| /* end confdefs.h.  */
| #ifdef __STDC__
| # include <limits.h>
| #else
| # include <assert.h>
| #endif
| 		     Syntax error
configure:15599: /lib/cpp  conftest.cpp
../nest-2.6.0/configure: line 2074: /lib/cpp: No such file or directory
configure:15599: $? = 127
configure: failed program was:
| /* confdefs.h */
| #define PACKAGE_NAME "nest"
| #define PACKAGE_TARNAME "nest"
| #define PACKAGE_VERSION "2.6.0"
| #define PACKAGE_STRING "nest 2.6.0"
| #define PACKAGE_BUGREPORT "nest_user@nest-initiative.org"
| #define PACKAGE_URL ""
| #define PACKAGE "nest"
| #define VERSION "2.6.0"
| #define STDC_HEADERS 1
| #define HAVE_SYS_TYPES_H 1
| #define HAVE_SYS_STAT_H 1
| #define HAVE_STDLIB_H 1
| #define HAVE_STRING_H 1
| #define HAVE_MEMORY_H 1
| #define HAVE_STRINGS_H 1
| #define HAVE_INTTYPES_H 1
| #define HAVE_STDINT_H 1
| #define HAVE_UNISTD_H 1
| #define __EXTENSIONS__ 1
| #define _ALL_SOURCE 1
| #define _GNU_SOURCE 1
| #define _POSIX_PTHREAD_SEMANTICS 1
| #define _TANDEM_SOURCE 1
| #define PS_ARRAYS 1
| #define HAVE_MACH_MACH_H 1
| #define HAVE_DLFCN_H 1
| #define LT_OBJDIR ".libs/"
| /* end confdefs.h.  */
| #ifdef __STDC__
| # include <limits.h>
| #else
| # include <assert.h>
| #endif
| 		     Syntax error
configure:15599: /lib/cpp  conftest.cpp
../nest-2.6.0/configure: line 2074: /lib/cpp: No such file or directory
configure:15599: $? = 127
configure: failed program was:
| /* confdefs.h */
| #define PACKAGE_NAME "nest"
| #define PACKAGE_TARNAME "nest"
| #define PACKAGE_VERSION "2.6.0"
| #define PACKAGE_STRING "nest 2.6.0"
| #define PACKAGE_BUGREPORT "nest_user@nest-initiative.org"
| #define PACKAGE_URL ""
| #define PACKAGE "nest"
| #define VERSION "2.6.0"
| #define STDC_HEADERS 1
| #define HAVE_SYS_TYPES_H 1
| #define HAVE_SYS_STAT_H 1
| #define HAVE_STDLIB_H 1
| #define HAVE_STRING_H 1
| #define HAVE_MEMORY_H 1
| #define HAVE_STRINGS_H 1
| #define HAVE_INTTYPES_H 1
| #define HAVE_STDINT_H 1
| #define HAVE_UNISTD_H 1
| #define __EXTENSIONS__ 1
| #define _ALL_SOURCE 1
| #define _GNU_SOURCE 1
| #define _POSIX_PTHREAD_SEMANTICS 1
| #define _TANDEM_SOURCE 1
| #define PS_ARRAYS 1
| #define HAVE_MACH_MACH_H 1
| #define HAVE_DLFCN_H 1
| #define LT_OBJDIR ".libs/"
| /* end confdefs.h.  */
| #ifdef __STDC__
| # include <limits.h>
| #else
| # include <assert.h>
| #endif
| 		     Syntax error
configure:15638: result: /lib/cpp
configure:15658: /lib/cpp  conftest.cpp
../nest-2.6.0/configure: line 2074: /lib/cpp: No such file or directory
configure:15658: $? = 127
configure: failed program was:
| /* confdefs.h */
| #define PACKAGE_NAME "nest"
| #define PACKAGE_TARNAME "nest"
| #define PACKAGE_VERSION "2.6.0"
| #define PACKAGE_STRING "nest 2.6.0"
| #define PACKAGE_BUGREPORT "nest_user@nest-initiative.org"
| #define PACKAGE_URL ""
| #define PACKAGE "nest"
| #define VERSION "2.6.0"
| #define STDC_HEADERS 1
| #define HAVE_SYS_TYPES_H 1
| #define HAVE_SYS_STAT_H 1
| #define HAVE_STDLIB_H 1
| #define HAVE_STRING_H 1
| #define HAVE_MEMORY_H 1
| #define HAVE_STRINGS_H 1
| #define HAVE_INTTYPES_H 1
| #define HAVE_STDINT_H 1
| #define HAVE_UNISTD_H 1
| #define __EXTENSIONS__ 1
| #define _ALL_SOURCE 1
| #define _GNU_SOURCE 1
| #define _POSIX_PTHREAD_SEMANTICS 1
| #define _TANDEM_SOURCE 1
| #define PS_ARRAYS 1
| #define HAVE_MACH_MACH_H 1
| #define HAVE_DLFCN_H 1
| #define LT_OBJDIR ".libs/"
| /* end confdefs.h.  */
| #ifdef __STDC__
| # include <limits.h>
| #else
| # include <assert.h>
| #endif
| 		     Syntax error
configure:15658: /lib/cpp  conftest.cpp
../nest-2.6.0/configure: line 2074: /lib/cpp: No such file or directory
configure:15658: $? = 127
configure: failed program was:
| /* confdefs.h */
| #define PACKAGE_NAME "nest"
| #define PACKAGE_TARNAME "nest"
| #define PACKAGE_VERSION "2.6.0"
| #define PACKAGE_STRING "nest 2.6.0"
| #define PACKAGE_BUGREPORT "nest_user@nest-initiative.org"
| #define PACKAGE_URL ""
| #define PACKAGE "nest"
| #define VERSION "2.6.0"
| #define STDC_HEADERS 1
| #define HAVE_SYS_TYPES_H 1
| #define HAVE_SYS_STAT_H 1
| #define HAVE_STDLIB_H 1
| #define HAVE_STRING_H 1
| #define HAVE_MEMORY_H 1
| #define HAVE_STRINGS_H 1
| #define HAVE_INTTYPES_H 1
| #define HAVE_STDINT_H 1
| #define HAVE_UNISTD_H 1
| #define __EXTENSIONS__ 1
| #define _ALL_SOURCE 1
| #define _GNU_SOURCE 1
| #define _POSIX_PTHREAD_SEMANTICS 1
| #define _TANDEM_SOURCE 1
| #define PS_ARRAYS 1
| #define HAVE_MACH_MACH_H 1
| #define HAVE_DLFCN_H 1
| #define LT_OBJDIR ".libs/"
| /* end confdefs.h.  */
| #ifdef __STDC__
| # include <limits.h>
| #else
| # include <assert.h>
| #endif
| 		     Syntax error
configure:15688: error: in `/Users/atwood/tem/Neu/NEST':
configure:15690: error: C++ preprocessor "/lib/cpp" fails sanity check
See `config.log' for more details

## ---------------- ##
## Cache variables. ##
## ---------------- ##

ac_cv_build=x86_64-apple-darwin13.4.0
ac_cv_c_compiler_gnu=yes
ac_cv_cxx_compiler_gnu=no
ac_cv_env_CCC_set=
ac_cv_env_CCC_value=
ac_cv_env_CC_set=
ac_cv_env_CC_value=
ac_cv_env_CFLAGS_set=
ac_cv_env_CFLAGS_value=
ac_cv_env_CPPFLAGS_set=
ac_cv_env_CPPFLAGS_value=
ac_cv_env_CPP_set=
ac_cv_env_CPP_value=
ac_cv_env_CXXCPP_set=
ac_cv_env_CXXCPP_value=
ac_cv_env_CXXFLAGS_set=
ac_cv_env_CXXFLAGS_value=
ac_cv_env_CXX_set=set
ac_cv_env_CXX_value=openmpicxx
ac_cv_env_LDFLAGS_set=
ac_cv_env_LDFLAGS_value=
ac_cv_env_LIBS_set=
ac_cv_env_LIBS_value=
ac_cv_env_PYTHON_set=
ac_cv_env_PYTHON_value=
ac_cv_env_build_alias_set=
ac_cv_env_build_alias_value=
ac_cv_env_host_alias_set=
ac_cv_env_host_alias_value=
ac_cv_env_target_alias_set=
ac_cv_env_target_alias_value=
ac_cv_header_dlfcn_h=yes
ac_cv_header_inttypes_h=yes
ac_cv_header_mach_mach_h=yes
ac_cv_header_memory_h=yes
ac_cv_header_minix_config_h=no
ac_cv_header_stdc=yes
ac_cv_header_stdint_h=yes
ac_cv_header_stdlib_h=yes
ac_cv_header_string_h=yes
ac_cv_header_strings_h=yes
ac_cv_header_sys_stat_h=yes
ac_cv_header_sys_types_h=yes
ac_cv_header_unistd_h=yes
ac_cv_host=x86_64-apple-darwin13.4.0
ac_cv_lib_dl_dlopen=yes
ac_cv_lib_neurosim_libneurosim_version=no
ac_cv_objext=o
ac_cv_path_DOXYGEN=/usr/local/bin/doxygen
ac_cv_path_EGREP='/usr/bin/grep -E'
ac_cv_path_FGREP='/usr/bin/grep -F'
ac_cv_path_GREP=/usr/bin/grep
ac_cv_path_SED=/usr/bin/sed
ac_cv_path_install='/usr/bin/install -c'
ac_cv_prog_AWK=gawk
ac_cv_prog_CPP='gcc -E'
ac_cv_prog_CXXCPP=/lib/cpp
ac_cv_prog_ac_ct_AR=ar
ac_cv_prog_ac_ct_CC=gcc
ac_cv_prog_ac_ct_DSYMUTIL=dsymutil
ac_cv_prog_ac_ct_LIPO=lipo
ac_cv_prog_ac_ct_NMEDIT=nmedit
ac_cv_prog_ac_ct_OTOOL=otool
ac_cv_prog_ac_ct_RANLIB=ranlib
ac_cv_prog_ac_ct_STRIP=strip
ac_cv_prog_cc_c89=
ac_cv_prog_cc_g=yes
ac_cv_prog_cxx_g=no
ac_cv_prog_make_make_set=yes
ac_cv_safe_to_define___extensions__=yes
am_cv_CC_dependencies_compiler_type=gcc3
am_cv_CXX_dependencies_compiler_type=none
am_cv_make_support_nested_variables=yes
am_cv_prog_cc_c_o=yes
am_cv_prog_tar_ustar=gnutar
lt_cv_apple_cc_single_mod=yes
lt_cv_ar_at_file=no
lt_cv_deplibs_check_method=pass_all
lt_cv_dlopen=dlopen
lt_cv_dlopen_libs=-ldl
lt_cv_dlopen_self=yes
lt_cv_dlopen_self_static=yes
lt_cv_file_magic_cmd='$MAGIC_CMD'
lt_cv_file_magic_test_file=
lt_cv_ld_exported_symbols_list=yes
lt_cv_ld_force_load=yes
lt_cv_ld_reload_flag=-r
lt_cv_nm_interface='BSD nm'
lt_cv_objdir=.libs
lt_cv_path_LD=/opt/local/bin/ld
lt_cv_path_NM=/opt/local/bin/nm
lt_cv_path_mainfest_tool=no
lt_cv_prog_compiler_c_o=yes
lt_cv_prog_compiler_pic='-fno-common -DPIC'
lt_cv_prog_compiler_pic_works=yes
lt_cv_prog_compiler_rtti_exceptions=no
lt_cv_prog_compiler_static_works=no
lt_cv_prog_gnu_ld=no
lt_cv_sharedlib_from_linklib_cmd='printf %s\n'
lt_cv_sys_global_symbol_pipe='sed -n -e '\''s/^.*[	 ]\([BCDEGRST][BCDEGRST]*\)[	 ][	 ]*_\([_A-Za-z][_A-Za-z0-9]*\)$/\1 _\2 \2/p'\'' | sed '\''/ __gnu_lto/d'\'''
lt_cv_sys_global_symbol_to_c_name_address='sed -n -e '\''s/^: \([^ ]*\)[ ]*$/  {\"\1\", (void *) 0},/p'\'' -e '\''s/^[BCDEGRST]* \([^ ]*\) \([^ ]*\)$/  {"\2", (void *) \&\2},/p'\'''
lt_cv_sys_global_symbol_to_c_name_address_lib_prefix='sed -n -e '\''s/^: \([^ ]*\)[ ]*$/  {\"\1\", (void *) 0},/p'\'' -e '\''s/^[BCDEGRST]* \([^ ]*\) \(lib[^ ]*\)$/  {"\2", (void *) \&\2},/p'\'' -e '\''s/^[BCDEGRST]* \([^ ]*\) \([^ ]*\)$/  {"lib\2", (void *) \&\2},/p'\'''
lt_cv_sys_global_symbol_to_cdecl='sed -n -e '\''s/^T .* \(.*\)$/extern int \1();/p'\'' -e '\''s/^[BCDEGRST]* .* \(.*\)$/extern char \1;/p'\'''
lt_cv_sys_max_cmd_len=196608
lt_cv_to_host_file_cmd=func_convert_file_noop
lt_cv_to_tool_file_cmd=func_convert_file_noop

## ----------------- ##
## Output variables. ##
## ----------------- ##

ACLOCAL='${SHELL} /Users/atwood/tem/Neu/nest-2.6.0/missing aclocal-1.14'
AMDEPBACKSLASH='\'
AMDEP_FALSE='#'
AMDEP_TRUE=''
AMTAR='$${TAR-tar}'
AM_BACKSLASH='\'
AM_CFLAGS='     -g -O2'
AM_CXXFLAGS='     '
AM_DEFAULT_V='$(AM_DEFAULT_VERBOSITY)'
AM_DEFAULT_VERBOSITY='1'
AM_V='$(V)'
AR='ar'
ARFLAGS=''
AS=''
AUTOCONF='${SHELL} /Users/atwood/tem/Neu/nest-2.6.0/missing autoconf'
AUTOHEADER='${SHELL} /Users/atwood/tem/Neu/nest-2.6.0/missing autoheader'
AUTOMAKE='${SHELL} /Users/atwood/tem/Neu/nest-2.6.0/missing automake-1.14'
AWK='gawk'
CC='gcc'
CCDEPMODE='depmode=gcc3'
CFLAGS=''
CPP='gcc -E'
CPPFLAGS=''
CXX='openmpicxx'
CXXCPP='/lib/cpp'
CXXDEPMODE='depmode=none'
CXXFLAGS=''
CXX_AR='ar cru'
CYGPATH_W='echo'
DEFS=''
DEPDIR='.deps'
DLLTOOL='false'
DOT_AVAILABLE_FALSE=''
DOT_AVAILABLE_TRUE='#'
DOXYGEN='/usr/local/bin/doxygen'
DOXYGEN_AVAILABLE_FALSE='#'
DOXYGEN_AVAILABLE_TRUE=''
DSYMUTIL='dsymutil'
DUMPBIN=''
ECHO_C='\c'
ECHO_N=''
ECHO_T=''
EGREP='/usr/bin/grep -E'
EXEEXT=''
EXTRAS_SUBDIRS=''
FGREP='/usr/bin/grep -F'
GREP='/usr/bin/grep'
GSL_1_11_AVAILABLE_FALSE=''
GSL_1_11_AVAILABLE_TRUE=''
GSL_1_2_AVAILABLE_FALSE=''
GSL_1_2_AVAILABLE_TRUE=''
GSL_CFLAGS=''
GSL_CONFIG=''
GSL_LIBS=''
HAVE_CMATH_MAKROS_IGNORED=''
HAVE_DOT=''
HAVE_ERRNO_IGNORED=''
HAVE_GSL=''
HAVE_INLINE=''
HAVE_ISTREAM=''
HAVE_LIBLTDL=''
HAVE_MPI=''
HAVE_MUSIC=''
HAVE_M_E=''
HAVE_M_PI=''
HAVE_OSTREAM=''
HAVE_PYTHON=''
HAVE_PYTHON_FALSE=''
HAVE_PYTHON_TRUE=''
HAVE_READLINE=''
HAVE_SIGUSR_IGNORED=''
HAVE_SSTREAM=''
HAVE_STL_VECTOR_CAPACITY_BASE_UNITY=''
HAVE_STL_VECTOR_CAPACITY_DOUBLING=''
HAVE_VAMPIR=''
HELPDIRS=''
HOST=''
INCLTDL='-I${top_srcdir}/libltdl'
INSTALL_DATA='${INSTALL} -m 644'
INSTALL_HELP_LOG=''
INSTALL_PROGRAM='${INSTALL}'
INSTALL_SCRIPT='${INSTALL}'
INSTALL_STRIP_PROGRAM='$(install_sh) -c -s'
IS_BLUEGENE_FALSE=''
IS_BLUEGENE_L=''
IS_BLUEGENE_P=''
IS_BLUEGENE_Q=''
IS_BLUEGENE_TRUE='#'
IS_K=''
KERNEL=''
LD='/opt/local/bin/ld'
LDFLAGS=''
LIBADD_DL=''
LIBLTDL='${top_build_prefix}libltdl/libltdlc.la'
LIBNEUROSIM_INCLUDE=''
LIBNEUROSIM_LIBS=''
LIBNEUROSIM_PY_LIBS=''
LIBOBJS=''
LIBS=''
LIBTOOL='$(SHELL) $(top_builddir)/libtool'
LINKED_MODULES=''
LINKED_USER_MODULES=''
LINK_OPENMP_FALSE=''
LINK_OPENMP_TRUE=''
LIPO='lipo'
LN_S='ln -s'
LTDLDEPS='${top_build_prefix}libltdl/libltdlc.la'
LTDLINCL='-I${top_srcdir}/libltdl'
LTLIBOBJS=''
MAINT='#'
MAINTAINER_MODE_FALSE=''
MAINTAINER_MODE_TRUE='#'
MAKE=''
MAKEINFO='${SHELL} /Users/atwood/tem/Neu/nest-2.6.0/missing makeinfo'
MAKE_FLAGS=''
MANIFEST_TOOL=':'
MKDIR_P='../nest-2.6.0/./install-sh -c -d'
MPI_INCLUDE=''
MPI_LIBS=''
MUSIC_INCLUDE=''
MUSIC_LIBS=''
NM='/opt/local/bin/nm'
NMEDIT='nmedit'
OBJDUMP='false'
OBJEXT='o'
OPENMP_CXXFLAGS=''
OTOOL64=':'
OTOOL='otool'
PACKAGE='nest'
PACKAGE_BUGREPORT='nest_user@nest-initiative.org'
PACKAGE_NAME='nest'
PACKAGE_STRING='nest 2.6.0'
PACKAGE_TARNAME='nest'
PACKAGE_URL=''
PACKAGE_VERSION='2.6.0'
PATH_SEPARATOR=':'
PKGBUILDDIR='/Users/atwood/tem/Neu/NEST'
PKGDATADIR=''
PKGDATADIR_AS_CONFIGURED=''
PKGDOCDIR=''
PKGDOCDIR_AS_CONFIGURED=''
PKGSRCDIR='/Users/atwood/tem/Neu/nest-2.6.0'
PYEXECDIR=''
PYNEST_CPPFLAGS=''
PYNEST_CXXFLAGS=''
PYNEST_SUBDIR=''
PYTHON=''
PYTHON_EXEC_PREFIX=''
PYTHON_PLATFORM=''
PYTHON_PREFIX=''
PYTHON_VERSION=''
RANLIB='ranlib'
SED='/usr/bin/sed'
SET_MAKE=''
SHELL='/bin/sh'
SLI_CXXBACKEND=''
SLI_DIST_SUBDIRS=''
SLI_EXITCODE_ABORT=''
SLI_EXITCODE_SEGFAULT=''
SLI_LIBS=''
SLI_MAJOR='2'
SLI_MINOR='6'
SLI_PATCHLEVEL='0'
SLI_PREFIX=''
SLI_PRGNAME='nest-2.6.0'
SLI_SUBDIRS=''
SLI_THREAD_DEFS=''
SLI_VERSION='2.6.0'
STRIP='strip'
TESTSUITE_BASEDIR=''
VAMPIR_CFLAGS=''
VAMPIR_LIBS=''
VERSION='2.6.0'
ac_ct_AR='ar'
ac_ct_CC='gcc'
ac_ct_CXX=''
ac_ct_DUMPBIN=''
am__EXEEXT_FALSE=''
am__EXEEXT_TRUE=''
am__fastdepCC_FALSE='#'
am__fastdepCC_TRUE=''
am__fastdepCXX_FALSE=''
am__fastdepCXX_TRUE='#'
am__include='include'
am__isrc=' -I$(srcdir)'
am__leading_dot='.'
am__nodep='_no'
am__quote=''
am__tar='tar --format=ustar -chf - "$$tardir"'
am__untar='tar -xf -'
bindir='${exec_prefix}/bin'
build='x86_64-apple-darwin13.4.0'
build_alias=''
build_cpu='x86_64'
build_os='darwin13.4.0'
build_vendor='apple'
datadir='${datarootdir}'
datarootdir='${prefix}/share'
docdir='${datarootdir}/doc/${PACKAGE_TARNAME}'
dvidir='${docdir}'
exec_prefix='NONE'
host='x86_64-apple-darwin13.4.0'
host_alias=''
host_cpu='x86_64'
host_os='darwin13.4.0'
host_vendor='apple'
htmldir='${docdir}'
includedir='${prefix}/include'
infodir='${datarootdir}/info'
install_sh='${SHELL} /Users/atwood/tem/Neu/nest-2.6.0/install-sh'
libdir='${exec_prefix}/lib'
libexecdir='${exec_prefix}/libexec'
localedir='${datarootdir}/locale'
localstatedir='${prefix}/var'
mandir='${datarootdir}/man'
mkdir_p='$(MKDIR_P)'
oldincludedir='/usr/include'
pdfdir='${docdir}'
pkgpyexecdir=''
pkgpythondir=''
prefix='/Users/atwood/tem/Neu/NEST'
program_transform_name='s,x,x,'
psdir='${docdir}'
pyexecdir=''
pythondir=''
rp=''
sbindir='${exec_prefix}/sbin'
sharedstatedir='${prefix}/com'
subdirs=''
sysconfdir='${prefix}/etc'
target_alias=''

## ----------- ##
## confdefs.h. ##
## ----------- ##

/* confdefs.h */
#define PACKAGE_NAME "nest"
#define PACKAGE_TARNAME "nest"
#define PACKAGE_VERSION "2.6.0"
#define PACKAGE_STRING "nest 2.6.0"
#define PACKAGE_BUGREPORT "nest_user@nest-initiative.org"
#define PACKAGE_URL ""
#define PACKAGE "nest"
#define VERSION "2.6.0"
#define STDC_HEADERS 1
#define HAVE_SYS_TYPES_H 1
#define HAVE_SYS_STAT_H 1
#define HAVE_STDLIB_H 1
#define HAVE_STRING_H 1
#define HAVE_MEMORY_H 1
#define HAVE_STRINGS_H 1
#define HAVE_INTTYPES_H 1
#define HAVE_STDINT_H 1
#define HAVE_UNISTD_H 1
#define __EXTENSIONS__ 1
#define _ALL_SOURCE 1
#define _GNU_SOURCE 1
#define _POSIX_PTHREAD_SEMANTICS 1
#define _TANDEM_SOURCE 1
#define PS_ARRAYS 1
#define HAVE_MACH_MACH_H 1
#define HAVE_DLFCN_H 1
#define LT_OBJDIR ".libs/"

configure: exit 1
